<?xml version="1.0" encoding="UTF-8"?>
<testng-results skipped="0" failed="0" ignored="0" total="1" passed="1">
  <reporter-output>
  </reporter-output>
  <suite name="Default suite" duration-ms="44994" started-at="2019-09-30T09:37:59Z" finished-at="2019-09-30T09:38:44Z">
    <groups>
    </groups>
    <test name="Default test" duration-ms="44994" started-at="2019-09-30T09:37:59Z" finished-at="2019-09-30T09:38:44Z">
      <class name="com.Telecom.LoginPage.Telecom_Login">
        <test-method status="PASS" signature="openbrowser(java.lang.reflect.Method)[pri:0, instance:com.Telecom.LoginPage.Telecom_Login@55a561cf]" name="openbrowser" is-config="true" duration-ms="22561" started-at="2019-09-30T09:37:59Z" finished-at="2019-09-30T09:38:21Z">
          <params>
            <param index="0">
              <value>
                <![CDATA[public void com.Telecom.LoginPage.Telecom_Login.telecomoperations(java.lang.String,java.lang.String) throws java.lang.Exception]]>
              </value>
            </param>
          </params>
          <reporter-output>
          </reporter-output>
        </test-method> <!-- openbrowser -->
        <test-method status="PASS" signature="telecomoperations(java.lang.String, java.lang.String)[pri:0, instance:com.Telecom.LoginPage.Telecom_Login@55a561cf]" name="telecomoperations" duration-ms="21238" started-at="2019-09-30T09:38:21Z" data-provider="loginData" finished-at="2019-09-30T09:38:43Z">
          <params>
            <param index="0">
              <value>
                <![CDATA[dharmendra.pandit@techolution.com]]>
              </value>
            </param>
            <param index="1">
              <value>
                <![CDATA[empty123]]>
              </value>
            </param>
          </params>
          <reporter-output>
          </reporter-output>
        </test-method> <!-- telecomoperations -->
        <test-method status="PASS" signature="browserclose()[pri:0, instance:com.Telecom.LoginPage.Telecom_Login@55a561cf]" name="browserclose" is-config="true" duration-ms="893" started-at="2019-09-30T09:38:43Z" finished-at="2019-09-30T09:38:44Z">
          <reporter-output>
          </reporter-output>
        </test-method> <!-- browserclose -->
      </class> <!-- com.Telecom.LoginPage.Telecom_Login -->
    </test> <!-- Default test -->
  </suite> <!-- Default suite -->
</testng-results>
