<?xml version="1.0" encoding="UTF-8"?>
<testng-results skipped="0" failed="0" ignored="0" total="1" passed="1">
  <reporter-output>
  </reporter-output>
  <suite name="Default suite" duration-ms="75355" started-at="2019-09-04T13:10:57Z" finished-at="2019-09-04T13:12:12Z">
    <groups>
    </groups>
    <test name="Default test" duration-ms="75355" started-at="2019-09-04T13:10:57Z" finished-at="2019-09-04T13:12:12Z">
      <class name="com.Telecom.LoginPage.Telecomopr">
        <test-method status="PASS" signature="openbrowser(java.lang.reflect.Method)[pri:0, instance:com.Telecom.LoginPage.Telecomopr@6a01e23]" name="openbrowser" is-config="true" duration-ms="29004" started-at="2019-09-04T13:10:57Z" finished-at="2019-09-04T13:11:26Z">
          <params>
            <param index="0">
              <value>
                <![CDATA[public void com.Telecom.LoginPage.Telecomopr.telecomoperations() throws java.lang.Exception]]>
              </value>
            </param>
          </params>
          <reporter-output>
          </reporter-output>
        </test-method> <!-- openbrowser -->
        <test-method status="PASS" signature="telecomoperations()[pri:0, instance:com.Telecom.LoginPage.Telecomopr@6a01e23]" name="telecomoperations" duration-ms="45639" started-at="2019-09-04T13:11:26Z" finished-at="2019-09-04T13:12:11Z">
          <reporter-output>
          </reporter-output>
        </test-method> <!-- telecomoperations -->
        <test-method status="PASS" signature="browserclose()[pri:0, instance:com.Telecom.LoginPage.Telecomopr@6a01e23]" name="browserclose" is-config="true" duration-ms="640" started-at="2019-09-04T13:12:11Z" finished-at="2019-09-04T13:12:12Z">
          <reporter-output>
          </reporter-output>
        </test-method> <!-- browserclose -->
      </class> <!-- com.Telecom.LoginPage.Telecomopr -->
    </test> <!-- Default test -->
  </suite> <!-- Default suite -->
</testng-results>
